e:\source\outside\kowalski\static\out\vc143.pdb
e:\source\outside\kowalski\static\out\cxmultidoctemplate.obj
e:\source\outside\kowalski\static\out\parse6502.obj
e:\source\outside\kowalski\static\out\cfindtextdlg.obj
e:\source\outside\kowalski\static\out\ceditreplacedlg.obj
e:\source\outside\kowalski\static\out\ccrystaltextview.obj
e:\source\outside\kowalski\static\out\ccrystaltextbuffer.obj
e:\source\outside\kowalski\static\out\ccrystaleditview.obj
e:\source\outside\kowalski\static\out\configsettings.obj
e:\source\outside\kowalski\static\out\colorbutton.obj
e:\source\outside\kowalski\static\out\code65p.obj
e:\source\outside\kowalski\static\out\childfrmdeasm.obj
e:\source\outside\kowalski\static\out\childfrm.obj
e:\source\outside\kowalski\static\out\broadcast.obj
e:\source\outside\kowalski\static\out\ataribin.obj
e:\source\outside\kowalski\static\out\asm.obj
e:\source\outside\kowalski\static\out\allocmem.obj
e:\source\outside\kowalski\static\out\about.obj
e:\source\outside\kowalski\static\out\6502view.obj
e:\source\outside\kowalski\static\out\6502doc.obj
e:\source\outside\kowalski\static\out\6502.obj
e:\source\outside\kowalski\static\out\identinfoframe.obj
e:\source\outside\kowalski\static\out\identinfodoc.obj
e:\source\outside\kowalski\static\out\identinfo.obj
e:\source\outside\kowalski\static\out\hyperlink.obj
e:\source\outside\kowalski\static\out\gotolinenumber.obj
e:\source\outside\kowalski\static\out\global.obj
e:\source\outside\kowalski\static\out\formatnums.obj
e:\source\outside\kowalski\static\out\flatbar.obj
e:\source\outside\kowalski\static\out\dynamichelp.obj
e:\source\outside\kowalski\static\out\drawmarks.obj
e:\source\outside\kowalski\static\out\dockbarex.obj
e:\source\outside\kowalski\static\out\dialeditbrkp.obj
e:\source\outside\kowalski\static\out\dialbar.obj
e:\source\outside\kowalski\static\out\dialasmstat.obj
e:\source\outside\kowalski\static\out\debuginfo.obj
e:\source\outside\kowalski\static\out\deasmsaveoptions.obj
e:\source\outside\kowalski\static\out\deasmgoto.obj
e:\source\outside\kowalski\static\out\deasm6502doc.obj
e:\source\outside\kowalski\static\out\memoryinfo.obj
e:\source\outside\kowalski\static\out\memorygoto.obj
e:\source\outside\kowalski\static\out\memorydoc.obj
e:\source\outside\kowalski\static\out\memorydc.obj
e:\source\outside\kowalski\static\out\memorychg.obj
e:\source\outside\kowalski\static\out\markarea.obj
e:\source\outside\kowalski\static\out\mapfile.obj
e:\source\outside\kowalski\static\out\m6502.obj
e:\source\outside\kowalski\static\out\logwindow.obj
e:\source\outside\kowalski\static\out\logbuffer.obj
e:\source\outside\kowalski\static\out\loadcodeoptions.obj
e:\source\outside\kowalski\static\out\loadcode.obj
e:\source\outside\kowalski\static\out\leftbar.obj
e:\source\outside\kowalski\static\out\iowindow.obj
e:\source\outside\kowalski\static\out\intrequestgeneratordlg.obj
e:\source\outside\kowalski\static\out\intgenerator.obj
e:\source\outside\kowalski\static\out\intelhex.obj
e:\source\outside\kowalski\static\out\inputwnd.obj
e:\source\outside\kowalski\static\out\identinfoview.obj
e:\source\outside\kowalski\static\out\zeropageview.obj
e:\source\outside\kowalski\static\out\toolbox.obj
e:\source\outside\kowalski\static\out\syntaxexample.obj
e:\source\outside\kowalski\static\out\stdafx.obj
e:\source\outside\kowalski\static\out\staticlink.obj
e:\source\outside\kowalski\static\out\stackview.obj
e:\source\outside\kowalski\static\out\splash.obj
e:\source\outside\kowalski\static\out\savecodeoptions.obj
e:\source\outside\kowalski\static\out\savecodeblockoptions.obj
e:\source\outside\kowalski\static\out\savecode.obj
e:\source\outside\kowalski\static\out\optionsviewpage.obj
e:\source\outside\kowalski\static\out\motorolasrecord.obj
e:\source\outside\kowalski\static\out\memoryview.obj
e:\source\outside\kowalski\static\out\registerbar.obj
e:\source\outside\kowalski\static\out\options.obj
e:\source\outside\kowalski\static\out\deasm.obj
e:\source\outside\kowalski\static\out\sym6502.obj
e:\source\outside\kowalski\static\out\deasm6502view.obj
e:\source\outside\kowalski\static\out\mainfrm.obj
e:\source\outside\kowalski\static\6502.exe
e:\source\outside\kowalski\static\6502.pdb
e:\source\outside\kowalski\static\6502.ilk
e:\source\outside\kowalski\static\out\6502.tlog\cl.command.1.tlog
e:\source\outside\kowalski\static\out\6502.tlog\cl.items.tlog
e:\source\outside\kowalski\static\out\6502.tlog\cl.read.1.tlog
e:\source\outside\kowalski\static\out\6502.tlog\cl.write.1.tlog
e:\source\outside\kowalski\static\out\6502.tlog\link.command.1.tlog
e:\source\outside\kowalski\static\out\6502.tlog\link.read.1.tlog
e:\source\outside\kowalski\static\out\6502.tlog\link.secondary.1.tlog
e:\source\outside\kowalski\static\out\6502.tlog\link.write.1.tlog
